Arguments: 
  C:\Program Files\nodejs\node.exe C:\Users\victor\AppData\Roaming\npm\node_modules\yarn\bin\yarn.js add @type/node -D

PATH: 
  C:\Users\victor\bin;C:\Program Files\Git\mingw64\bin;C:\Program Files\Git\usr\local\bin;C:\Program Files\Git\usr\bin;C:\Program Files\Git\usr\bin;C:\Program Files\Git\mingw64\bin;C:\Program Files\Git\usr\bin;C:\Users\victor\bin;C:\Windows\system32;C:\Windows;C:\Windows\System32\Wbem;C:\Windows\System32\WindowsPowerShell\v1.0;C:\Windows\System32\OpenSSH;C:\Program Files\nodejs;C:\Program Files\Git\cmd;C:\Users\victor\AppData\Local\Microsoft\WindowsApps;C:\Users\victor\AppData\Local\GitHubDesktop\bin;C:\Users\victor\AppData\Local\Programs\Microsoft VS Code\bin;C:\Users\victor\AppData\Roaming\npm;C:\Program Files\Git\usr\bin\vendor_perl;C:\Program Files\Git\usr\bin\core_perl

Yarn version: 
  1.22.19

Node version: 
  16.18.0

Platform: 
  win32 x64

Trace: 
  Error: https://registry.npmjs.org/@type%2fnode: Not found
      at Request.params.callback [as _callback] (C:\Users\victor\AppData\Roaming\npm\node_modules\yarn\lib\cli.js:66145:18)
      at Request.self.callback (C:\Users\victor\AppData\Roaming\npm\node_modules\yarn\lib\cli.js:140890:22)
      at Request.emit (node:events:513:28)
      at Request.<anonymous> (C:\Users\victor\AppData\Roaming\npm\node_modules\yarn\lib\cli.js:141862:10)
      at Request.emit (node:events:513:28)
      at IncomingMessage.<anonymous> (C:\Users\victor\AppData\Roaming\npm\node_modules\yarn\lib\cli.js:141784:12)
      at Object.onceWrapper (node:events:627:28)
      at IncomingMessage.emit (node:events:525:35)
      at endReadableNT (node:internal/streams/readable:1358:12)
      at processTicksAndRejections (node:internal/process/task_queues:83:21)

npm manifest: 
  {
    "name": "poo-iii-exercicios",
    "version": "1.0.0",
    "description": "<strong>A partir dessa semana os exercícios voltam a ser independentes. Não se preocupe em centralizá-los em um mesmo repo.</strong>\r <br><br>\r Crie um repo pessoal na sua conta com o nome poo-3-exercicios (ou o nome que você preferir) e trabalhe nele. Caso queira seguir no mesmo repo sinta-se à vontade!",
    "main": "index.js",
    "scripts": {
      "test": "echo \"Error: no test specified\" && exit 1"
    },
    "repository": {
      "type": "git",
      "url": "git+https://github.com/ANj0Geladu/poo-III-exercicios.git"
    },
    "keywords": [],
    "author": "",
    "license": "ISC",
    "bugs": {
      "url": "https://github.com/ANj0Geladu/poo-III-exercicios/issues"
    },
    "homepage": "https://github.com/ANj0Geladu/poo-III-exercicios#readme",
    "devDependencies": {
      "typescript": "^5.0.4"
    },
    "dependencies": {
      "yarn": "^1.22.19"
    }
  }

yarn manifest: 
  No manifest

Lockfile: 
  No lockfile
